<?xml version="1.0" encoding="UTF-8"?>
<!-- Generated by org.testng.reporters.JUnitReportReporter -->
<testsuite skipped="0" hostname="CBT-MH-000" name="testcase.Hotels" tests="1" failures="0" timestamp="11 Oct 2019 09:35:22 GMT" time="22.102" errors="0">
  <testcase name="Hotels" time="22.102" classname="testcase.Hotels"/>
</testsuite> <!-- testcase.Hotels -->
