<?xml version="1.0" encoding="UTF-8"?>
<!-- Generated by org.testng.reporters.JUnitReportReporter -->
<testsuite skipped="0" hostname="CBT-MH-000" name="testcase.logintestcase" tests="1" failures="0" timestamp="03 Oct 2019 08:55:08 GMT" time="39.678" errors="0">
  <testcase name="login" time="39.678" classname="testcase.logintestcase"/>
</testsuite> <!-- testcase.logintestcase -->
