<?xml version="1.0" encoding="UTF-8"?>
<!-- Generated by org.testng.reporters.JUnitReportReporter -->
<testsuite skipped="0" hostname="CBT-MH-000" name="testcase.register1" tests="1" failures="0" timestamp="03 Oct 2019 09:35:11 GMT" time="15.547" errors="0">
  <testcase name="login" time="15.547" classname="testcase.register1"/>
</testsuite> <!-- testcase.register1 -->
