<?xml version="1.0" encoding="UTF-8"?>
<!-- Generated by org.testng.reporters.JUnitReportReporter -->
<testsuite skipped="0" hostname="CBT-MH-000" name="testcase.Tourstestcase" tests="1" failures="0" timestamp="12 Oct 2019 04:23:45 GMT" time="24.469" errors="0">
  <testcase name="Tourstestcase" time="24.469" classname="testcase.Tourstestcase"/>
</testsuite> <!-- testcase.Tourstestcase -->
